\o Program:		@(#)$CDS: libManager version 6.1.8 - CAT37 01/17/2024 18:07 (csvcm36c-7) $
\o Sub version:		sub-version  s353 
\o Arguments:		-mpssession virtuoso3192 -mpshost eda-1.EECS.Berkeley.EDU 
\o Working Directory:	eda-1.EECS.Berkeley.EDU:/home/cc/ee140/sp25/class/ee140-aam/cadence_finalproj
\o 64-bit offsets
\o Qt version: 		5.9.1
\o Log file is "/home/cc/ee140/sp25/class/ee140-aam/cadence_finalproj/libManager.log".
\o Opening libManager window.
\a nrSetCurrentWindow(cdsLibManager)
\a nrResizeWindow(cdsLibManager list(772 37 602 491))
\o MPS virtuoso types registered: 68
\o changeWorkingDir("/home/cc/ee140/sp25/class/ee140-aam/cadence_finalproj") unnecessary.
\o ddSetForcedLib("") unnecessary.
\o MPS service: map window
\w Warning: LIB analogLib from File /home/cc/ee140/sp25/class/ee140-aam/cadence_finalproj/sky130_release_0.0.4/cds.lib Line 1 redefines
\w LIB analogLib from File /home/ff/ee140/fa19/xfab/XKIT/x_all/cadence/xenv/v1_2_28/templates/cds.lib
\w Insert UNDEFINE analogLib
\w before DEFINE analogLib
\w     in /home/cc/ee140/sp25/class/ee140-aam/cadence_finalproj/sky130_release_0.0.4/cds.lib
\w Or remove or comment out DEFINE analogLib
\w     in /home/ff/ee140/fa19/xfab/XKIT/x_all/cadence/xenv/v1_2_28/templates/cds.lib
\w to suppress this warning message.
\w Warning: LIB basic from File /home/cc/ee140/sp25/class/ee140-aam/cadence_finalproj/sky130_release_0.0.4/cds.lib Line 2 redefines
\w LIB basic from File /home/ff/ee140/fa19/xfab/XKIT/x_all/cadence/xenv/v1_2_28/templates/cds.lib
\w Insert UNDEFINE basic
\w before DEFINE basic
\w     in /home/cc/ee140/sp25/class/ee140-aam/cadence_finalproj/sky130_release_0.0.4/cds.lib
\w Or remove or comment out DEFINE basic
\w     in /home/ff/ee140/fa19/xfab/XKIT/x_all/cadence/xenv/v1_2_28/templates/cds.lib
\w to suppress this warning message.
\w Warning: '/home/cc/ee140/sp25/class/ee140-aam/cadence_finalproj/cds.lib', Line 32: Cannot find file './student_custom.lib'.
\w Warning: '/home/cc/ee140/sp25/class/ee140-aam/cadence_finalproj/cds.lib', Line 32: Skipping: './student_custom.lib'
\o  
\o Library Manager customization server connected.
\a cdsLibManager->libListBox->value = "Test_EE_140_240A_Final_Project"
\a cdsLibManager->libLineEdit->value = "Test_EE_140_240A_Final_Project"
\a cdsLibManager->cellListBox->value = "EE_140_240A_Sp25_System"
\a cdsLibManager->cellLineEdit->value = "EE_140_240A_Sp25_System"
\a cdsLibManager->viewListBox->value = "schematic"
\a cdsLibManager->viewLineEdit->value = "schematic"
\a cdsLibManager->viewListBox->value = nil
\a cdsLibManager->viewLineEdit->value = ""
\a cdsLibManager->viewListBox->value = "schematic"
\a cdsLibManager->viewLineEdit->value = "schematic"
\o MPS request: edit design
\a nrListItemAction(cdsLibManager->gdmXTView 6 0)
\a cdsLibManager->libListBox->value = nil
\a cdsLibManager->libLineEdit->value = ""
\a cdsLibManager->cellListBox->value = nil
\a cdsLibManager->viewLineEdit->value = ""
\a cdsLibManager->viewListBox->value = nil
\a cdsLibManager->cellLineEdit->value = ""
\w Warning: LIB analogLib from File /home/cc/ee140/sp25/class/ee140-aam/cadence_finalproj/sky130_release_0.0.4/cds.lib Line 1 redefines
\w LIB analogLib from File /home/ff/ee140/fa19/xfab/XKIT/x_all/cadence/xenv/v1_2_28/templates/cds.lib
\w Insert UNDEFINE analogLib
\w before DEFINE analogLib
\w     in /home/cc/ee140/sp25/class/ee140-aam/cadence_finalproj/sky130_release_0.0.4/cds.lib
\w Or remove or comment out DEFINE analogLib
\w     in /home/ff/ee140/fa19/xfab/XKIT/x_all/cadence/xenv/v1_2_28/templates/cds.lib
\w to suppress this warning message.
\w Warning: LIB basic from File /home/cc/ee140/sp25/class/ee140-aam/cadence_finalproj/sky130_release_0.0.4/cds.lib Line 2 redefines
\w LIB basic from File /home/ff/ee140/fa19/xfab/XKIT/x_all/cadence/xenv/v1_2_28/templates/cds.lib
\w Insert UNDEFINE basic
\w before DEFINE basic
\w     in /home/cc/ee140/sp25/class/ee140-aam/cadence_finalproj/sky130_release_0.0.4/cds.lib
\w Or remove or comment out DEFINE basic
\w     in /home/ff/ee140/fa19/xfab/XKIT/x_all/cadence/xenv/v1_2_28/templates/cds.lib
\w to suppress this warning message.
\w Warning: '/home/cc/ee140/sp25/class/ee140-aam/cadence_finalproj/cds.lib', Line 32: Cannot find file './student_custom.lib'.
\w Warning: '/home/cc/ee140/sp25/class/ee140-aam/cadence_finalproj/cds.lib', Line 32: Skipping: './student_custom.lib'
\o  
\a cdsLibManager->libListBox->value = "Test_EE_140_240A_Final_Project"
\a cdsLibManager->libLineEdit->value = "Test_EE_140_240A_Final_Project"
\a cdsLibManager->cellListBox->value = "EE_140_240A_Sp25_System"
\a cdsLibManager->cellLineEdit->value = "EE_140_240A_Sp25_System"
\a cdsLibManager->viewListBox->value = "schematic"
\a cdsLibManager->viewLineEdit->value = "schematic"
\a cdsLibManager->viewLineEdit->value = ""
\a cdsLibManager->viewListBox->value = nil
\a cdsLibManager->viewListBox->value = "schematic"
\a cdsLibManager->viewLineEdit->value = "schematic"
\a cdsLibManager->libListBox->value = nil
\a cdsLibManager->libLineEdit->value = ""
\a cdsLibManager->cellListBox->value = nil
\a cdsLibManager->viewLineEdit->value = ""
\a cdsLibManager->viewListBox->value = nil
\a cdsLibManager->cellLineEdit->value = ""
\w Warning: LIB analogLib from File /home/cc/ee140/sp25/class/ee140-aam/cadence_finalproj/sky130_release_0.0.4/cds.lib Line 1 redefines
\w LIB analogLib from File /home/ff/ee140/fa19/xfab/XKIT/x_all/cadence/xenv/v1_2_28/templates/cds.lib
\w Insert UNDEFINE analogLib
\w before DEFINE analogLib
\w     in /home/cc/ee140/sp25/class/ee140-aam/cadence_finalproj/sky130_release_0.0.4/cds.lib
\w Or remove or comment out DEFINE analogLib
\w     in /home/ff/ee140/fa19/xfab/XKIT/x_all/cadence/xenv/v1_2_28/templates/cds.lib
\w to suppress this warning message.
\w Warning: LIB basic from File /home/cc/ee140/sp25/class/ee140-aam/cadence_finalproj/sky130_release_0.0.4/cds.lib Line 2 redefines
\w LIB basic from File /home/ff/ee140/fa19/xfab/XKIT/x_all/cadence/xenv/v1_2_28/templates/cds.lib
\w Insert UNDEFINE basic
\w before DEFINE basic
\w     in /home/cc/ee140/sp25/class/ee140-aam/cadence_finalproj/sky130_release_0.0.4/cds.lib
\w Or remove or comment out DEFINE basic
\w     in /home/ff/ee140/fa19/xfab/XKIT/x_all/cadence/xenv/v1_2_28/templates/cds.lib
\w to suppress this warning message.
\w Warning: '/home/cc/ee140/sp25/class/ee140-aam/cadence_finalproj/cds.lib', Line 32: Cannot find file './student_custom.lib'.
\w Warning: '/home/cc/ee140/sp25/class/ee140-aam/cadence_finalproj/cds.lib', Line 32: Skipping: './student_custom.lib'
\o  
\a cdsLibManager->libListBox->value = "Test_EE_140_240A_Final_Project"
\a cdsLibManager->libLineEdit->value = "Test_EE_140_240A_Final_Project"
\a cdsLibManager->cellListBox->value = "EE_140_240A_Sp25_System"
\a cdsLibManager->cellLineEdit->value = "EE_140_240A_Sp25_System"
\a cdsLibManager->viewListBox->value = "schematic"
\a cdsLibManager->viewLineEdit->value = "schematic"
\a cdsLibManager->viewLineEdit->value = ""
\a cdsLibManager->viewListBox->value = nil
\a cdsLibManager->viewListBox->value = "schematic"
\a cdsLibManager->viewLineEdit->value = "schematic"
\a cdsLibManager->libListBox->value = nil
\a cdsLibManager->libLineEdit->value = ""
\a cdsLibManager->cellListBox->value = nil
\a cdsLibManager->viewLineEdit->value = ""
\a cdsLibManager->viewListBox->value = nil
\a cdsLibManager->cellLineEdit->value = ""
\w Warning: LIB analogLib from File /home/cc/ee140/sp25/class/ee140-aam/cadence_finalproj/sky130_release_0.0.4/cds.lib Line 1 redefines
\w LIB analogLib from File /home/ff/ee140/fa19/xfab/XKIT/x_all/cadence/xenv/v1_2_28/templates/cds.lib
\w Insert UNDEFINE analogLib
\w before DEFINE analogLib
\w     in /home/cc/ee140/sp25/class/ee140-aam/cadence_finalproj/sky130_release_0.0.4/cds.lib
\w Or remove or comment out DEFINE analogLib
\w     in /home/ff/ee140/fa19/xfab/XKIT/x_all/cadence/xenv/v1_2_28/templates/cds.lib
\w to suppress this warning message.
\w Warning: LIB basic from File /home/cc/ee140/sp25/class/ee140-aam/cadence_finalproj/sky130_release_0.0.4/cds.lib Line 2 redefines
\w LIB basic from File /home/ff/ee140/fa19/xfab/XKIT/x_all/cadence/xenv/v1_2_28/templates/cds.lib
\w Insert UNDEFINE basic
\w before DEFINE basic
\w     in /home/cc/ee140/sp25/class/ee140-aam/cadence_finalproj/sky130_release_0.0.4/cds.lib
\w Or remove or comment out DEFINE basic
\w     in /home/ff/ee140/fa19/xfab/XKIT/x_all/cadence/xenv/v1_2_28/templates/cds.lib
\w to suppress this warning message.
\w Warning: '/home/cc/ee140/sp25/class/ee140-aam/cadence_finalproj/cds.lib', Line 32: Cannot find file './student_custom.lib'.
\w Warning: '/home/cc/ee140/sp25/class/ee140-aam/cadence_finalproj/cds.lib', Line 32: Skipping: './student_custom.lib'
\o  
\a cdsLibManager->libListBox->value = "Test_EE_140_240A_Final_Project"
\a cdsLibManager->libLineEdit->value = "Test_EE_140_240A_Final_Project"
\a cdsLibManager->cellListBox->value = "EE_140_240A_Sp25_System"
\a cdsLibManager->cellLineEdit->value = "EE_140_240A_Sp25_System"
\a cdsLibManager->viewListBox->value = "schematic"
\a cdsLibManager->viewLineEdit->value = "schematic"
\a cdsLibManager->viewLineEdit->value = ""
\a cdsLibManager->viewListBox->value = nil
\a cdsLibManager->viewListBox->value = "schematic"
\a cdsLibManager->viewLineEdit->value = "schematic"
\a cdsLibManager->libListBox->value = nil
\a cdsLibManager->libLineEdit->value = ""
\a cdsLibManager->cellListBox->value = nil
\a cdsLibManager->viewLineEdit->value = ""
\a cdsLibManager->viewListBox->value = nil
\a cdsLibManager->cellLineEdit->value = ""
\w Warning: LIB analogLib from File /home/cc/ee140/sp25/class/ee140-aam/cadence_finalproj/sky130_release_0.0.4/cds.lib Line 1 redefines
\w LIB analogLib from File /home/ff/ee140/fa19/xfab/XKIT/x_all/cadence/xenv/v1_2_28/templates/cds.lib
\w Insert UNDEFINE analogLib
\w before DEFINE analogLib
\w     in /home/cc/ee140/sp25/class/ee140-aam/cadence_finalproj/sky130_release_0.0.4/cds.lib
\w Or remove or comment out DEFINE analogLib
\w     in /home/ff/ee140/fa19/xfab/XKIT/x_all/cadence/xenv/v1_2_28/templates/cds.lib
\w to suppress this warning message.
\w Warning: LIB basic from File /home/cc/ee140/sp25/class/ee140-aam/cadence_finalproj/sky130_release_0.0.4/cds.lib Line 2 redefines
\w LIB basic from File /home/ff/ee140/fa19/xfab/XKIT/x_all/cadence/xenv/v1_2_28/templates/cds.lib
\w Insert UNDEFINE basic
\w before DEFINE basic
\w     in /home/cc/ee140/sp25/class/ee140-aam/cadence_finalproj/sky130_release_0.0.4/cds.lib
\w Or remove or comment out DEFINE basic
\w     in /home/ff/ee140/fa19/xfab/XKIT/x_all/cadence/xenv/v1_2_28/templates/cds.lib
\w to suppress this warning message.
\w Warning: '/home/cc/ee140/sp25/class/ee140-aam/cadence_finalproj/cds.lib', Line 32: Cannot find file './student_custom.lib'.
\w Warning: '/home/cc/ee140/sp25/class/ee140-aam/cadence_finalproj/cds.lib', Line 32: Skipping: './student_custom.lib'
\o  
\a cdsLibManager->libListBox->value = "Test_EE_140_240A_Final_Project"
\a cdsLibManager->libLineEdit->value = "Test_EE_140_240A_Final_Project"
\a cdsLibManager->cellListBox->value = "EE_140_240A_Sp25_System"
\a cdsLibManager->cellLineEdit->value = "EE_140_240A_Sp25_System"
\a cdsLibManager->viewListBox->value = "schematic"
\a cdsLibManager->viewLineEdit->value = "schematic"
\a cdsLibManager->viewLineEdit->value = ""
\a cdsLibManager->viewListBox->value = nil
\a cdsLibManager->viewListBox->value = "schematic"
\a cdsLibManager->viewLineEdit->value = "schematic"
\o MPS service: shutdown
\o libManager is exiting.
\a exit(0)
